d:\my documents\visual studio 2013\projects\hook\inject\debug\inject.pch
d:\my documents\visual studio 2013\projects\hook\inject\debug\vc120.pdb
d:\my documents\visual studio 2013\projects\hook\inject\debug\vc120.idb
d:\my documents\visual studio 2013\projects\hook\inject\debug\stdafx.obj
d:\my documents\visual studio 2013\projects\hook\inject\debug\inject.obj
d:\my documents\visual studio 2013\projects\hook\debug\inject.lib
d:\my documents\visual studio 2013\projects\hook\debug\inject.exp
d:\my documents\visual studio 2013\projects\hook\debug\inject.ilk
d:\my documents\visual studio 2013\projects\hook\debug\inject.dll
d:\my documents\visual studio 2013\projects\hook\debug\inject.pdb
d:\my documents\visual studio 2013\projects\hook\inject\debug\inject.res
d:\my documents\visual studio 2013\projects\hook\inject\debug\inject.tlog\cl.command.1.tlog
d:\my documents\visual studio 2013\projects\hook\inject\debug\inject.tlog\cl.read.1.tlog
d:\my documents\visual studio 2013\projects\hook\inject\debug\inject.tlog\cl.write.1.tlog
d:\my documents\visual studio 2013\projects\hook\inject\debug\inject.tlog\inject.write.1u.tlog
d:\my documents\visual studio 2013\projects\hook\inject\debug\inject.tlog\link.command.1.tlog
d:\my documents\visual studio 2013\projects\hook\inject\debug\inject.tlog\link.read.1.tlog
d:\my documents\visual studio 2013\projects\hook\inject\debug\inject.tlog\link.write.1.tlog
d:\my documents\visual studio 2013\projects\hook\inject\debug\inject.tlog\rc.command.1.tlog
d:\my documents\visual studio 2013\projects\hook\inject\debug\inject.tlog\rc.read.1.tlog
d:\my documents\visual studio 2013\projects\hook\inject\debug\inject.tlog\rc.write.1.tlog
