生成启动时间为 2017/5/19 0:57:55。
     1>项目“d:\my documents\visual studio 2013\Projects\Hook\Injected\Injected.vcxproj”在节点 2 上(Rebuild 个目标)。
     1>ClCompile:
         C:\Program Files\Microsoft Visual Studio 12.0\VC\bin\CL.exe /c /ZI /nologo /W3 /WX- /sdl /Od /Oy- /D WIN32 /D _WINDOWS /D _DEBUG /D _UNICODE /D UNICODE /D _AFXDLL /Gm /EHsc /RTC1 /MDd /GS /fp:precise /Zc:wchar_t /Zc:forScope /Yc"stdafx.h" /Fp"Debug\Injected.pch" /Fo"Debug\\" /Fd"Debug\vc120.pdb" /Gd /TP /analyze- /errorReport:prompt stdafx.cpp
         stdafx.cpp
         C:\Program Files\Microsoft Visual Studio 12.0\VC\bin\CL.exe /c /ZI /nologo /W3 /WX- /sdl /Od /Oy- /D WIN32 /D _WINDOWS /D _DEBUG /D _UNICODE /D UNICODE /D _AFXDLL /Gm /EHsc /RTC1 /MDd /GS /fp:precise /Zc:wchar_t /Zc:forScope /Yu"stdafx.h" /Fp"Debug\Injected.pch" /Fo"Debug\\" /Fd"Debug\vc120.pdb" /Gd /TP /analyze- /errorReport:prompt Injected.cpp InjectedDlg.cpp
         InjectedDlg.cpp
         Injected.cpp
         正在生成代码...
       ResourceCompile:
         C:\Program Files\Windows Kits\8.1\bin\x86\rc.exe /D _DEBUG /D _UNICODE /D UNICODE /D _AFXDLL /l"0x0804" /IDebug\ /nologo /fo"Debug\Injected.res" Injected.rc 
       Link:
         C:\Program Files\Microsoft Visual Studio 12.0\VC\bin\link.exe /ERRORREPORT:PROMPT /OUT:"d:\my documents\visual studio 2013\Projects\Hook\Debug\Injected.exe" /INCREMENTAL /NOLOGO /MANIFEST /MANIFESTUAC:"level='asInvoker' uiAccess='false'" /manifest:embed /manifestinput:"C:\Program Files\Microsoft Visual Studio 12.0\VC\Include\Manifest\dpiaware.manifest" /DEBUG /PDB:"d:\my documents\visual studio 2013\Projects\Hook\Debug\Injected.pdb" /SUBSYSTEM:WINDOWS /TLBID:1 /ENTRY:"wWinMainCRTStartup" /DYNAMICBASE /NXCOMPAT /IMPLIB:"d:\my documents\visual studio 2013\Projects\Hook\Debug\Injected.lib" /MACHINE:X86 Debug\Injected.res
         Debug\Injected.obj
         Debug\InjectedDlg.obj
         Debug\stdafx.obj
         Injected.vcxproj -> d:\my documents\visual studio 2013\Projects\Hook\Debug\Injected.exe
     1>已完成生成项目“d:\my documents\visual studio 2013\Projects\Hook\Injected\Injected.vcxproj”(Rebuild 个目标)的操作。

生成成功。

已用时间 00:00:15.70
