d:\资料与记录（新装硬盘）\vscode\createroundwnd\createroundwnd\debug\vc120.pdb
d:\资料与记录（新装硬盘）\vscode\createroundwnd\createroundwnd\debug\vc120.idb
d:\资料与记录（新装硬盘）\vscode\createroundwnd\createroundwnd\debug\myimage.obj
d:\资料与记录（新装硬盘）\vscode\createroundwnd\createroundwnd\debug\createroundwnd.obj
d:\资料与记录（新装硬盘）\vscode\createroundwnd\createroundwnd\debug\mybutton.obj
d:\资料与记录（新装硬盘）\vscode\createroundwnd\createroundwnd\debug\createroundwnd.res
d:\资料与记录（新装硬盘）\vscode\createroundwnd\debug\createroundwnd.pdb
d:\资料与记录（新装硬盘）\vscode\createroundwnd\createroundwnd\debug\createroundwnd.tlog\cl.command.1.tlog
d:\资料与记录（新装硬盘）\vscode\createroundwnd\createroundwnd\debug\createroundwnd.tlog\cl.read.1.tlog
d:\资料与记录（新装硬盘）\vscode\createroundwnd\createroundwnd\debug\createroundwnd.tlog\cl.write.1.tlog
d:\资料与记录（新装硬盘）\vscode\createroundwnd\createroundwnd\debug\createroundwnd.tlog\link.12276-cvtres.read.1.tlog
d:\资料与记录（新装硬盘）\vscode\createroundwnd\createroundwnd\debug\createroundwnd.tlog\link.12276-cvtres.write.1.tlog
d:\资料与记录（新装硬盘）\vscode\createroundwnd\createroundwnd\debug\createroundwnd.tlog\link.12276-rc.read.1.tlog
d:\资料与记录（新装硬盘）\vscode\createroundwnd\createroundwnd\debug\createroundwnd.tlog\link.12276-rc.write.1.tlog
d:\资料与记录（新装硬盘）\vscode\createroundwnd\createroundwnd\debug\createroundwnd.tlog\link.12276.read.1.tlog
d:\资料与记录（新装硬盘）\vscode\createroundwnd\createroundwnd\debug\createroundwnd.tlog\link.12276.write.1.tlog
d:\资料与记录（新装硬盘）\vscode\createroundwnd\createroundwnd\debug\createroundwnd.tlog\link.command.1.tlog
d:\资料与记录（新装硬盘）\vscode\createroundwnd\createroundwnd\debug\createroundwnd.tlog\link.read.1.tlog
d:\资料与记录（新装硬盘）\vscode\createroundwnd\createroundwnd\debug\createroundwnd.tlog\link.write.1.tlog
d:\资料与记录（新装硬盘）\vscode\createroundwnd\createroundwnd\debug\createroundwnd.tlog\rc.command.1.tlog
d:\资料与记录（新装硬盘）\vscode\createroundwnd\createroundwnd\debug\createroundwnd.tlog\rc.read.1.tlog
d:\资料与记录（新装硬盘）\vscode\createroundwnd\createroundwnd\debug\createroundwnd.tlog\rc.write.1.tlog
